Performing C SOURCE FILE Test CMAKE_HAVE_LIBC_PTHREAD failed with the following output:
Change Dir: /home/alumno/robocomp/G2-X2/practica_2/CMakeFiles/CMakeTmp

Run Build Command(s):/usr/bin/make cmTC_8f7c0/fast && /usr/bin/make -f CMakeFiles/cmTC_8f7c0.dir/build.make CMakeFiles/cmTC_8f7c0.dir/build
make[1]: se entra en el directorio '/home/alumno/robocomp/G2-X2/practica_2/CMakeFiles/CMakeTmp'
Building C object CMakeFiles/cmTC_8f7c0.dir/src.c.o
/usr/bin/cc   -DCMAKE_HAVE_LIBC_PTHREAD   -o CMakeFiles/cmTC_8f7c0.dir/src.c.o   -c /home/alumno/robocomp/G2-X2/practica_2/CMakeFiles/CMakeTmp/src.c
Linking C executable cmTC_8f7c0
/usr/bin/cmake -E cmake_link_script CMakeFiles/cmTC_8f7c0.dir/link.txt --verbose=1
/usr/bin/cc  -DCMAKE_HAVE_LIBC_PTHREAD    CMakeFiles/cmTC_8f7c0.dir/src.c.o  -o cmTC_8f7c0 
/usr/bin/ld: CMakeFiles/cmTC_8f7c0.dir/src.c.o: en la funci贸n `main':
src.c:(.text+0x46): referencia a `pthread_create' sin definir
/usr/bin/ld: src.c:(.text+0x52): referencia a `pthread_detach' sin definir
/usr/bin/ld: src.c:(.text+0x63): referencia a `pthread_join' sin definir
collect2: error: ld returned 1 exit status
make[1]: *** [CMakeFiles/cmTC_8f7c0.dir/build.make:87: cmTC_8f7c0] Error 1
make[1]: se sale del directorio '/home/alumno/robocomp/G2-X2/practica_2/CMakeFiles/CMakeTmp'
make: *** [Makefile:121: cmTC_8f7c0/fast] Error 2


Source file was:
#include <pthread.h>

void* test_func(void* data)
{
  return data;
}

int main(void)
{
  pthread_t thread;
  pthread_create(&thread, NULL, test_func, NULL);
  pthread_detach(thread);
  pthread_join(thread, NULL);
  pthread_atfork(NULL, NULL, NULL);
  pthread_exit(NULL);

  return 0;
}

Determining if the function pthread_create exists in the pthreads failed with the following output:
Change Dir: /home/alumno/robocomp/G2-X2/practica_2/CMakeFiles/CMakeTmp

Run Build Command(s):/usr/bin/make cmTC_ee65c/fast && /usr/bin/make -f CMakeFiles/cmTC_ee65c.dir/build.make CMakeFiles/cmTC_ee65c.dir/build
make[1]: se entra en el directorio '/home/alumno/robocomp/G2-X2/practica_2/CMakeFiles/CMakeTmp'
Building C object CMakeFiles/cmTC_ee65c.dir/CheckFunctionExists.c.o
/usr/bin/cc   -DCHECK_FUNCTION_EXISTS=pthread_create   -o CMakeFiles/cmTC_ee65c.dir/CheckFunctionExists.c.o   -c /usr/share/cmake-3.16/Modules/CheckFunctionExists.c
Linking C executable cmTC_ee65c
/usr/bin/cmake -E cmake_link_script CMakeFiles/cmTC_ee65c.dir/link.txt --verbose=1
/usr/bin/cc  -DCHECK_FUNCTION_EXISTS=pthread_create    CMakeFiles/cmTC_ee65c.dir/CheckFunctionExists.c.o  -o cmTC_ee65c  -lpthreads 
/usr/bin/ld: no se puede encontrar -lpthreads
collect2: error: ld returned 1 exit status
make[1]: *** [CMakeFiles/cmTC_ee65c.dir/build.make:87: cmTC_ee65c] Error 1
make[1]: se sale del directorio '/home/alumno/robocomp/G2-X2/practica_2/CMakeFiles/CMakeTmp'
make: *** [Makefile:121: cmTC_ee65c/fast] Error 2



Performing C SOURCE FILE Test CMAKE_HAVE_LIBC_PTHREAD failed with the following output:
Change Dir: /home/alumno/robocomp/G2-X2/practica_2/CMakeFiles/CMakeTmp

Run Build Command(s):/usr/bin/make cmTC_2f8db/fast && /usr/bin/make -f CMakeFiles/cmTC_2f8db.dir/build.make CMakeFiles/cmTC_2f8db.dir/build
make[1]: se entra en el directorio '/home/alumno/robocomp/G2-X2/practica_2/CMakeFiles/CMakeTmp'
Building C object CMakeFiles/cmTC_2f8db.dir/src.c.o
/usr/bin/cc   -DCMAKE_HAVE_LIBC_PTHREAD   -o CMakeFiles/cmTC_2f8db.dir/src.c.o   -c /home/alumno/robocomp/G2-X2/practica_2/CMakeFiles/CMakeTmp/src.c
Linking C executable cmTC_2f8db
/usr/bin/cmake -E cmake_link_script CMakeFiles/cmTC_2f8db.dir/link.txt --verbose=1
/usr/bin/cc  -DCMAKE_HAVE_LIBC_PTHREAD    CMakeFiles/cmTC_2f8db.dir/src.c.o  -o cmTC_2f8db 
/usr/bin/ld: CMakeFiles/cmTC_2f8db.dir/src.c.o: en la funci贸n `main':
src.c:(.text+0x46): referencia a `pthread_create' sin definir
/usr/bin/ld: src.c:(.text+0x52): referencia a `pthread_detach' sin definir
/usr/bin/ld: src.c:(.text+0x63): referencia a `pthread_join' sin definir
collect2: error: ld returned 1 exit status
make[1]: *** [CMakeFiles/cmTC_2f8db.dir/build.make:87: cmTC_2f8db] Error 1
make[1]: se sale del directorio '/home/alumno/robocomp/G2-X2/practica_2/CMakeFiles/CMakeTmp'
make: *** [Makefile:121: cmTC_2f8db/fast] Error 2


Source file was:
#include <pthread.h>

void* test_func(void* data)
{
  return data;
}

int main(void)
{
  pthread_t thread;
  pthread_create(&thread, NULL, test_func, NULL);
  pthread_detach(thread);
  pthread_join(thread, NULL);
  pthread_atfork(NULL, NULL, NULL);
  pthread_exit(NULL);

  return 0;
}

Determining if the function pthread_create exists in the pthreads failed with the following output:
Change Dir: /home/alumno/robocomp/G2-X2/practica_2/CMakeFiles/CMakeTmp

Run Build Command(s):/usr/bin/make cmTC_8f0b7/fast && /usr/bin/make -f CMakeFiles/cmTC_8f0b7.dir/build.make CMakeFiles/cmTC_8f0b7.dir/build
make[1]: se entra en el directorio '/home/alumno/robocomp/G2-X2/practica_2/CMakeFiles/CMakeTmp'
Building C object CMakeFiles/cmTC_8f0b7.dir/CheckFunctionExists.c.o
/usr/bin/cc   -DCHECK_FUNCTION_EXISTS=pthread_create   -o CMakeFiles/cmTC_8f0b7.dir/CheckFunctionExists.c.o   -c /usr/share/cmake-3.16/Modules/CheckFunctionExists.c
Linking C executable cmTC_8f0b7
/usr/bin/cmake -E cmake_link_script CMakeFiles/cmTC_8f0b7.dir/link.txt --verbose=1
/usr/bin/cc  -DCHECK_FUNCTION_EXISTS=pthread_create    CMakeFiles/cmTC_8f0b7.dir/CheckFunctionExists.c.o  -o cmTC_8f0b7  -lpthreads 
/usr/bin/ld: no se puede encontrar -lpthreads
collect2: error: ld returned 1 exit status
make[1]: *** [CMakeFiles/cmTC_8f0b7.dir/build.make:87: cmTC_8f0b7] Error 1
make[1]: se sale del directorio '/home/alumno/robocomp/G2-X2/practica_2/CMakeFiles/CMakeTmp'
make: *** [Makefile:121: cmTC_8f0b7/fast] Error 2



Performing C SOURCE FILE Test CMAKE_HAVE_LIBC_PTHREAD failed with the following output:
Change Dir: /home/alumno/robocomp/G2-X2/practica_2/CMakeFiles/CMakeTmp

Run Build Command(s):/usr/bin/make cmTC_4ac14/fast && /usr/bin/make -f CMakeFiles/cmTC_4ac14.dir/build.make CMakeFiles/cmTC_4ac14.dir/build
make[1]: se entra en el directorio '/home/alumno/robocomp/G2-X2/practica_2/CMakeFiles/CMakeTmp'
Building C object CMakeFiles/cmTC_4ac14.dir/src.c.o
/usr/bin/cc   -DCMAKE_HAVE_LIBC_PTHREAD   -o CMakeFiles/cmTC_4ac14.dir/src.c.o   -c /home/alumno/robocomp/G2-X2/practica_2/CMakeFiles/CMakeTmp/src.c
Linking C executable cmTC_4ac14
/usr/bin/cmake -E cmake_link_script CMakeFiles/cmTC_4ac14.dir/link.txt --verbose=1
/usr/bin/cc  -DCMAKE_HAVE_LIBC_PTHREAD    CMakeFiles/cmTC_4ac14.dir/src.c.o  -o cmTC_4ac14 
/usr/bin/ld: CMakeFiles/cmTC_4ac14.dir/src.c.o: en la funci贸n `main':
src.c:(.text+0x46): referencia a `pthread_create' sin definir
/usr/bin/ld: src.c:(.text+0x52): referencia a `pthread_detach' sin definir
/usr/bin/ld: src.c:(.text+0x63): referencia a `pthread_join' sin definir
collect2: error: ld returned 1 exit status
make[1]: *** [CMakeFiles/cmTC_4ac14.dir/build.make:87: cmTC_4ac14] Error 1
make[1]: se sale del directorio '/home/alumno/robocomp/G2-X2/practica_2/CMakeFiles/CMakeTmp'
make: *** [Makefile:121: cmTC_4ac14/fast] Error 2


Source file was:
#include <pthread.h>

void* test_func(void* data)
{
  return data;
}

int main(void)
{
  pthread_t thread;
  pthread_create(&thread, NULL, test_func, NULL);
  pthread_detach(thread);
  pthread_join(thread, NULL);
  pthread_atfork(NULL, NULL, NULL);
  pthread_exit(NULL);

  return 0;
}

Determining if the function pthread_create exists in the pthreads failed with the following output:
Change Dir: /home/alumno/robocomp/G2-X2/practica_2/CMakeFiles/CMakeTmp

Run Build Command(s):/usr/bin/make cmTC_563a2/fast && /usr/bin/make -f CMakeFiles/cmTC_563a2.dir/build.make CMakeFiles/cmTC_563a2.dir/build
make[1]: se entra en el directorio '/home/alumno/robocomp/G2-X2/practica_2/CMakeFiles/CMakeTmp'
Building C object CMakeFiles/cmTC_563a2.dir/CheckFunctionExists.c.o
/usr/bin/cc   -DCHECK_FUNCTION_EXISTS=pthread_create   -o CMakeFiles/cmTC_563a2.dir/CheckFunctionExists.c.o   -c /usr/share/cmake-3.16/Modules/CheckFunctionExists.c
Linking C executable cmTC_563a2
/usr/bin/cmake -E cmake_link_script CMakeFiles/cmTC_563a2.dir/link.txt --verbose=1
/usr/bin/cc  -DCHECK_FUNCTION_EXISTS=pthread_create    CMakeFiles/cmTC_563a2.dir/CheckFunctionExists.c.o  -o cmTC_563a2  -lpthreads 
/usr/bin/ld: no se puede encontrar -lpthreads
collect2: error: ld returned 1 exit status
make[1]: *** [CMakeFiles/cmTC_563a2.dir/build.make:87: cmTC_563a2] Error 1
make[1]: se sale del directorio '/home/alumno/robocomp/G2-X2/practica_2/CMakeFiles/CMakeTmp'
make: *** [Makefile:121: cmTC_563a2/fast] Error 2



Performing C SOURCE FILE Test CMAKE_HAVE_LIBC_PTHREAD failed with the following output:
Change Dir: /home/alumno/robocomp/G2-X2/practica_2/CMakeFiles/CMakeTmp

Run Build Command(s):/usr/bin/make cmTC_bc16d/fast && /usr/bin/make -f CMakeFiles/cmTC_bc16d.dir/build.make CMakeFiles/cmTC_bc16d.dir/build
make[1]: se entra en el directorio '/home/alumno/robocomp/G2-X2/practica_2/CMakeFiles/CMakeTmp'
Building C object CMakeFiles/cmTC_bc16d.dir/src.c.o
/usr/bin/cc   -DCMAKE_HAVE_LIBC_PTHREAD   -o CMakeFiles/cmTC_bc16d.dir/src.c.o   -c /home/alumno/robocomp/G2-X2/practica_2/CMakeFiles/CMakeTmp/src.c
Linking C executable cmTC_bc16d
/usr/bin/cmake -E cmake_link_script CMakeFiles/cmTC_bc16d.dir/link.txt --verbose=1
/usr/bin/cc  -DCMAKE_HAVE_LIBC_PTHREAD    CMakeFiles/cmTC_bc16d.dir/src.c.o  -o cmTC_bc16d 
/usr/bin/ld: CMakeFiles/cmTC_bc16d.dir/src.c.o: en la funci贸n `main':
src.c:(.text+0x46): referencia a `pthread_create' sin definir
/usr/bin/ld: src.c:(.text+0x52): referencia a `pthread_detach' sin definir
/usr/bin/ld: src.c:(.text+0x63): referencia a `pthread_join' sin definir
collect2: error: ld returned 1 exit status
make[1]: *** [CMakeFiles/cmTC_bc16d.dir/build.make:87: cmTC_bc16d] Error 1
make[1]: se sale del directorio '/home/alumno/robocomp/G2-X2/practica_2/CMakeFiles/CMakeTmp'
make: *** [Makefile:121: cmTC_bc16d/fast] Error 2


Source file was:
#include <pthread.h>

void* test_func(void* data)
{
  return data;
}

int main(void)
{
  pthread_t thread;
  pthread_create(&thread, NULL, test_func, NULL);
  pthread_detach(thread);
  pthread_join(thread, NULL);
  pthread_atfork(NULL, NULL, NULL);
  pthread_exit(NULL);

  return 0;
}

Determining if the function pthread_create exists in the pthreads failed with the following output:
Change Dir: /home/alumno/robocomp/G2-X2/practica_2/CMakeFiles/CMakeTmp

Run Build Command(s):/usr/bin/make cmTC_ede54/fast && /usr/bin/make -f CMakeFiles/cmTC_ede54.dir/build.make CMakeFiles/cmTC_ede54.dir/build
make[1]: se entra en el directorio '/home/alumno/robocomp/G2-X2/practica_2/CMakeFiles/CMakeTmp'
Building C object CMakeFiles/cmTC_ede54.dir/CheckFunctionExists.c.o
/usr/bin/cc   -DCHECK_FUNCTION_EXISTS=pthread_create   -o CMakeFiles/cmTC_ede54.dir/CheckFunctionExists.c.o   -c /usr/share/cmake-3.16/Modules/CheckFunctionExists.c
Linking C executable cmTC_ede54
/usr/bin/cmake -E cmake_link_script CMakeFiles/cmTC_ede54.dir/link.txt --verbose=1
/usr/bin/cc  -DCHECK_FUNCTION_EXISTS=pthread_create    CMakeFiles/cmTC_ede54.dir/CheckFunctionExists.c.o  -o cmTC_ede54  -lpthreads 
/usr/bin/ld: no se puede encontrar -lpthreads
collect2: error: ld returned 1 exit status
make[1]: *** [CMakeFiles/cmTC_ede54.dir/build.make:87: cmTC_ede54] Error 1
make[1]: se sale del directorio '/home/alumno/robocomp/G2-X2/practica_2/CMakeFiles/CMakeTmp'
make: *** [Makefile:121: cmTC_ede54/fast] Error 2



